<?xml version="1.0" encoding="UTF-8"?>
<!-- Generated by org.testng.reporters.JUnitXMLReporter -->
<testsuite hostname="AMAC02W46BEHTD8" ignored="0" name="Sanity Suite Two" tests="1" failures="1" timestamp="26 Apr 2020 08:32:56 GMT" time="5.498" errors="0">
  <testcase name="verifyUrl" time="5.009" classname="com.test.file.TestClass">
    <failure type="java.lang.NullPointerException">
      <![CDATA[java.lang.NullPointerException
at com.test.file.TestClass.verifyUrl(TestClass.java:15)
at java.util.concurrent.FutureTask.run(FutureTask.java:266)
at java.util.concurrent.ThreadPoolExecutor.runWorker(ThreadPoolExecutor.java:1149)
at java.util.concurrent.ThreadPoolExecutor$Worker.run(ThreadPoolExecutor.java:624)
at java.lang.Thread.run(Thread.java:748)
... Removed 16 stack frames]]>
    </failure>
  </testcase> <!-- verifyUrl -->
</testsuite> <!-- Sanity Suite Two -->
