<?xml version="1.0" encoding="UTF-8"?>
<testng-results skipped="0" failed="0" ignored="0" total="1" passed="1">
  <reporter-output>
  </reporter-output>
  <suite name="Default suite" duration-ms="11122" started-at="2020-05-19T15:54:37Z" finished-at="2020-05-19T15:54:48Z">
    <groups>
    </groups>
    <test name="Default test" duration-ms="11122" started-at="2020-05-19T15:54:37Z" finished-at="2020-05-19T15:54:48Z">
      <class name="com.test.file.TestClass">
        <test-method status="PASS" signature="startReport()[pri:0, instance:com.test.file.TestClass@6ce139a4]" name="startReport" is-config="true" duration-ms="128" started-at="2020-05-19T15:54:37Z" finished-at="2020-05-19T15:54:37Z">
          <reporter-output>
          </reporter-output>
        </test-method> <!-- startReport -->
        <test-method status="PASS" signature="setupApplication()[pri:0, instance:com.test.file.TestClass@6ce139a4]" name="setupApplication" is-config="true" duration-ms="3534" started-at="2020-05-19T15:54:37Z" finished-at="2020-05-19T15:54:41Z">
          <reporter-output>
          </reporter-output>
        </test-method> <!-- setupApplication -->
        <test-method status="PASS" signature="verifyUrl()[pri:0, instance:com.test.file.TestClass@6ce139a4]" name="verifyUrl" duration-ms="2459" started-at="2020-05-19T15:54:41Z" finished-at="2020-05-19T15:54:43Z">
          <reporter-output>
          </reporter-output>
        </test-method> <!-- verifyUrl -->
        <test-method status="PASS" signature="takeScreenshot()[pri:0, instance:com.test.file.TestClass@6ce139a4]" name="takeScreenshot" is-config="true" duration-ms="5113" started-at="2020-05-19T15:54:43Z" finished-at="2020-05-19T15:54:48Z">
          <reporter-output>
          </reporter-output>
        </test-method> <!-- takeScreenshot -->
      </class> <!-- com.test.file.TestClass -->
    </test> <!-- Default test -->
  </suite> <!-- Default suite -->
</testng-results>
